<?xml version="1.0" encoding="UTF-8"?>
<testng-results skipped="0" failed="0" ignored="0" total="1" passed="1">
  <reporter-output>
  </reporter-output>
  <suite name="Suite" duration-ms="140" started-at="2019-11-06T12:44:20 IST" finished-at="2019-11-06T12:44:20 IST">
    <groups>
    </groups>
    <test name="Test" duration-ms="140" started-at="2019-11-06T12:44:20 IST" finished-at="2019-11-06T12:44:20 IST">
      <class name="mavenproject.Test_ng">
        <test-method status="PASS" signature="m2()[pri:0, instance:mavenproject.Test_ng@1caeb3e]" name="m2" duration-ms="31" started-at="2019-11-06T12:44:20 IST" finished-at="2019-11-06T12:44:20 IST">
          <reporter-output>
          </reporter-output>
        </test-method> <!-- m2 -->
      </class> <!-- mavenproject.Test_ng -->
    </test> <!-- Test -->
  </suite> <!-- Suite -->
</testng-results>
